<?xml version="1.0" encoding="UTF-8"?>
<!-- Generated by org.testng.reporters.JUnitXMLReporter -->
<testsuite hostname="Sebastians-MBP" name="Command line test" tests="2" failures="0" timestamp="14 Mar 2016 11:48:01 GMT" time="0.015" errors="0">
  <testcase name="testAdd" time="0.001" classname="com.sebbulon.challenge.resources.TransactionResourceTest"/>
  <testcase name="testFetch" time="0.0" classname="com.sebbulon.challenge.resources.TransactionResourceTest"/>
</testsuite> <!-- Command line test -->
