<?xml version="1.0" encoding="UTF-8"?>
<testng-results skipped="0" failed="0" total="2" passed="2">
  <reporter-output>
  </reporter-output>
  <suite name="com.sebbulon.challenge.resources.TransactionResourceTest" duration-ms="15" started-at="2016-03-14T11:48:01Z" finished-at="2016-03-14T11:48:01Z">
    <groups>
    </groups>
    <test name="Command line test" duration-ms="15" started-at="2016-03-14T11:48:01Z" finished-at="2016-03-14T11:48:01Z">
      <class name="com.sebbulon.challenge.resources.TransactionResourceTest">
        <test-method status="PASS" signature="setUp()[pri:0, instance:com.sebbulon.challenge.resources.TransactionResourceTest@7ac7a4e4]" name="setUp" is-config="true" duration-ms="4" started-at="2016-03-14T12:48:01Z" finished-at="2016-03-14T12:48:01Z">
          <reporter-output>
          </reporter-output>
        </test-method> <!-- setUp -->
        <test-method status="PASS" signature="testAdd()[pri:0, instance:com.sebbulon.challenge.resources.TransactionResourceTest@7ac7a4e4]" name="testAdd" duration-ms="1" started-at="2016-03-14T12:48:01Z" finished-at="2016-03-14T12:48:01Z">
          <reporter-output>
          </reporter-output>
        </test-method> <!-- testAdd -->
        <test-method status="PASS" signature="testFetch()[pri:0, instance:com.sebbulon.challenge.resources.TransactionResourceTest@7ac7a4e4]" name="testFetch" duration-ms="0" started-at="2016-03-14T12:48:01Z" finished-at="2016-03-14T12:48:01Z">
          <reporter-output>
          </reporter-output>
        </test-method> <!-- testFetch -->
        <test-method status="PASS" signature="setUp()[pri:0, instance:com.sebbulon.challenge.resources.TransactionResourceTest@7ac7a4e4]" name="setUp" is-config="true" duration-ms="0" started-at="2016-03-14T12:48:01Z" finished-at="2016-03-14T12:48:01Z">
          <reporter-output>
          </reporter-output>
        </test-method> <!-- setUp -->
        <test-method status="PASS" signature="tearDown()[pri:0, instance:com.sebbulon.challenge.resources.TransactionResourceTest@7ac7a4e4]" name="tearDown" is-config="true" duration-ms="0" started-at="2016-03-14T12:48:01Z" finished-at="2016-03-14T12:48:01Z">
          <reporter-output>
          </reporter-output>
        </test-method> <!-- tearDown -->
        <test-method status="PASS" signature="tearDown()[pri:0, instance:com.sebbulon.challenge.resources.TransactionResourceTest@7ac7a4e4]" name="tearDown" is-config="true" duration-ms="0" started-at="2016-03-14T12:48:01Z" finished-at="2016-03-14T12:48:01Z">
          <reporter-output>
          </reporter-output>
        </test-method> <!-- tearDown -->
      </class> <!-- com.sebbulon.challenge.resources.TransactionResourceTest -->
    </test> <!-- Command line test -->
  </suite> <!-- com.sebbulon.challenge.resources.TransactionResourceTest -->
</testng-results>
